<?xml version="1.0" encoding="UTF-8"?>
<!-- Generated by org.testng.reporters.JUnitXMLReporter -->
<testsuite ignored="4" hostname="Talips-MBP" failures="0" tests="2" name="Command line test" time="64.247" errors="0" timestamp="2021-01-17T15:33:07 EET">
  <testcase classname="scenario.test.LoginTest" name="login" time="6.532"/>
  <testcase classname="scenario.test.OrderTest" name="orderPlayStation4Test" time="57.687"/>
  <testcase classname="scenario.base.BaseTest" name="@AfterSuite tearDown" time="0.0">
    <ignored/>
  </testcase> <!-- @AfterSuite tearDown -->
  <testcase classname="scenario.base.BaseTest" name="@AfterSuite tearDown" time="0.0">
    <ignored/>
  </testcase> <!-- @AfterSuite tearDown -->
  <testcase classname="scenario.base.BaseTest" name="@BeforeSuite setUp" time="0.0">
    <ignored/>
  </testcase> <!-- @BeforeSuite setUp -->
  <testcase classname="scenario.base.BaseTest" name="@BeforeSuite setUp" time="0.0">
    <ignored/>
  </testcase> <!-- @BeforeSuite setUp -->
</testsuite> <!-- Command line test -->
