<?xml version="1.0" encoding="UTF-8"?>
<testng-results ignored="4" total="6" passed="2" failed="0" skipped="0">
  <reporter-output>
  </reporter-output>
  <suite started-at="2021-01-17T15:32:03 EET" name="Command line suite" finished-at="2021-01-17T15:33:07 EET" duration-ms="64247">
    <groups>
    </groups>
    <test started-at="2021-01-17T15:32:03 EET" name="Command line test" finished-at="2021-01-17T15:33:07 EET" duration-ms="64247">
      <class name="scenario.test.LoginTest">
        <test-method is-config="true" signature="setUp(org.testng.ITestContext)[pri:0, instance:scenario.test.LoginTest@4facf68f]" started-at="2021-01-17T15:31:38 EET" name="setUp" finished-at="2021-01-17T15:32:03 EET" duration-ms="24831" status="PASS">
          <params>
            <param index="0">
              <value>
                <![CDATA[org.testng.TestRunner@187e5235]]>
              </value>
            </param>
          </params>
          <reporter-output>
          </reporter-output>
        </test-method> <!-- setUp -->
        <test-method signature="login()[pri:0, instance:scenario.test.LoginTest@4facf68f]" started-at="2021-01-17T15:32:03 EET" name="login" finished-at="2021-01-17T15:32:10 EET" duration-ms="6532" status="PASS">
          <reporter-output>
          </reporter-output>
        </test-method> <!-- login -->
        <test-method is-config="true" signature="tearDown(org.testng.ITestContext)[pri:0, instance:scenario.test.LoginTest@4facf68f]" started-at="2021-01-17T15:33:07 EET" name="tearDown" finished-at="2021-01-17T15:33:08 EET" duration-ms="270" status="PASS">
          <params>
            <param index="0">
              <value>
                <![CDATA[org.testng.TestRunner@187e5235]]>
              </value>
            </param>
          </params>
          <reporter-output>
          </reporter-output>
        </test-method> <!-- tearDown -->
      </class> <!-- scenario.test.LoginTest -->
      <class name="scenario.test.OrderTest">
        <test-method is-config="true" signature="before()[pri:0, instance:scenario.test.OrderTest@76508ed1]" started-at="2021-01-17T15:32:10 EET" name="before" finished-at="2021-01-17T15:32:10 EET" duration-ms="3" status="PASS">
          <reporter-output>
          </reporter-output>
        </test-method> <!-- before -->
        <test-method signature="orderPlayStation4Test()[pri:0, instance:scenario.test.OrderTest@76508ed1]" started-at="2021-01-17T15:32:10 EET" name="orderPlayStation4Test" finished-at="2021-01-17T15:33:07 EET" duration-ms="57687" status="PASS">
          <reporter-output>
          </reporter-output>
        </test-method> <!-- orderPlayStation4Test -->
      </class> <!-- scenario.test.OrderTest -->
    </test> <!-- Command line test -->
  </suite> <!-- Command line suite -->
</testng-results>
