<?xml version="1.0" encoding="UTF-8"?>
<testng-results ignored="4" total="6" passed="2" failed="0" skipped="0">
  <reporter-output>
  </reporter-output>
  <suite started-at="2021-01-21T21:22:21 EET" name="Command line suite" finished-at="2021-01-21T21:23:14 EET" duration-ms="53014">
    <groups>
    </groups>
    <test started-at="2021-01-21T21:22:21 EET" name="Command line test" finished-at="2021-01-21T21:23:14 EET" duration-ms="53014">
      <class name="scenario.test.LoginTest">
        <test-method is-config="true" signature="setUp(org.testng.ITestContext)[pri:0, instance:scenario.test.LoginTest@4facf68f]" started-at="2021-01-21T21:22:17 EET" name="setUp" finished-at="2021-01-21T21:22:21 EET" duration-ms="3896" status="PASS">
          <params>
            <param index="0">
              <value>
                <![CDATA[org.testng.TestRunner@67e13bd0]]>
              </value>
            </param>
          </params>
          <reporter-output>
          </reporter-output>
        </test-method> <!-- setUp -->
        <test-method signature="login()[pri:0, instance:scenario.test.LoginTest@4facf68f]" started-at="2021-01-21T21:22:21 EET" name="login" finished-at="2021-01-21T21:22:26 EET" duration-ms="5395" status="PASS">
          <reporter-output>
          </reporter-output>
        </test-method> <!-- login -->
        <test-method is-config="true" signature="tearDown(org.testng.ITestContext)[pri:0, instance:scenario.test.LoginTest@4facf68f]" started-at="2021-01-21T21:23:14 EET" name="tearDown" finished-at="2021-01-21T21:23:14 EET" duration-ms="0" status="PASS">
          <params>
            <param index="0">
              <value>
                <![CDATA[org.testng.TestRunner@67e13bd0]]>
              </value>
            </param>
          </params>
          <reporter-output>
          </reporter-output>
        </test-method> <!-- tearDown -->
      </class> <!-- scenario.test.LoginTest -->
      <class name="scenario.test.OrderTest">
        <test-method is-config="true" signature="before()[pri:0, instance:scenario.test.OrderTest@76508ed1]" started-at="2021-01-21T21:22:26 EET" name="before" finished-at="2021-01-21T21:22:26 EET" duration-ms="2" status="PASS">
          <reporter-output>
          </reporter-output>
        </test-method> <!-- before -->
        <test-method signature="orderPlayStation4Test()[pri:0, instance:scenario.test.OrderTest@76508ed1]" started-at="2021-01-21T21:22:26 EET" name="orderPlayStation4Test" finished-at="2021-01-21T21:23:14 EET" duration-ms="47601" status="PASS">
          <reporter-output>
          </reporter-output>
        </test-method> <!-- orderPlayStation4Test -->
      </class> <!-- scenario.test.OrderTest -->
    </test> <!-- Command line test -->
  </suite> <!-- Command line suite -->
</testng-results>
